# JRE version: OpenJDK Runtime Environment (21.0.10) (build 21.0.10+-14961533-b1163.108)
# Java VM: OpenJDK 64-Bit Server VM (21.0.10+-14961533-b1163.108, mixed mode, tiered, compressed oops, compressed class ptrs, g1 gc, windows-amd64)
GC Precious Log:
 CardTable entry size: 512
 Card Set container configuration: InlinePtr #cards 5 size 8 Array Of Cards #cards 12 size 40 Howl #buckets 4 coarsen threshold 1843 Howl Bitmap #cards 512 size 80 coarsen threshold 460 Card regions per heap region 1 cards per card region 2048
 CPUs: 20 total, 20 available
 Memory: 16148M
 Large Page Support: Disabled
 NUMA Support: Disabled
 Compressed Oops: Enabled (32-bit)
 Heap Region Size: 1M
 Heap Min Capacity: 8M
 Heap Initial Capacity: 254M
 Heap Max Capacity: 2G
 Pre-touch: Disabled
 Parallel Workers: 15
 Concurrent Workers: 4
 Concurrent Refinement Workers: 15
 Periodic GC: Disabled
Heap:
 garbage-first heap   total 120832K, used 81058K [0x0000000080000000, 0x0000000100000000)
  region size 1024K, 18 young (18432K), 4 survivors (4096K)
 Metaspace       used 59757K, committed 61248K, reserved 1114112K
  class space    used 8423K, committed 9152K, reserved 1048576K
GC Heap History (20 events):
Event: 0.823 GC heap before
{Heap before GC invocations=2 (full 0):
 garbage-first heap   total 260096K, used 144812K [0x0000000080000000, 0x0000000100000000)
  region size 1024K, 136 young (139264K), 5 survivors (5120K)
 Metaspace       used 21146K, committed 21504K, reserved 1114112K
  class space    used 2497K, committed 2688K, reserved 1048576K
}
Event: 0.827 GC heap after
{Heap after GC invocations=3 (full 0):
 garbage-first heap   total 260096K, used 20011K [0x0000000080000000, 0x0000000100000000)
  region size 1024K, 14 young (14336K), 14 survivors (14336K)
 Metaspace       used 21146K, committed 21504K, reserved 1114112K
  class space    used 2497K, committed 2688K, reserved 1048576K
}
Event: 1.107 GC heap before
{Heap before GC invocations=4 (full 0):
 garbage-first heap   total 71680K, used 70187K [0x0000000080000000, 0x0000000100000000)
  region size 1024K, 63 young (64512K), 14 survivors (14336K)
 Metaspace       used 29145K, committed 29632K, reserved 1114112K
  class space    used 3766K, committed 3968K, reserved 1048576K
}
Event: 1.111 GC heap after
{Heap after GC invocations=5 (full 0):
 garbage-first heap   total 88064K, used 22754K [0x0000000080000000, 0x0000000100000000)
  region size 1024K, 11 young (11264K), 11 survivors (11264K)
 Metaspace       used 29145K, committed 29632K, reserved 1114112K
  class space    used 3766K, committed 3968K, reserved 1048576K
}
Event: 1.321 GC heap before
{Heap before GC invocations=5 (full 0):
 garbage-first heap   total 88064K, used 63714K [0x0000000080000000, 0x0000000100000000)
  region size 1024K, 51 young (52224K), 11 survivors (11264K)
 Metaspace       used 34287K, committed 35072K, reserved 1114112K
  class space    used 4683K, committed 5056K, reserved 1048576K
}
Event: 1.324 GC heap after
{Heap after GC invocations=6 (full 0):
 garbage-first heap   total 88064K, used 25492K [0x0000000080000000, 0x0000000100000000)
  region size 1024K, 6 young (6144K), 6 survivors (6144K)
 Metaspace       used 34287K, committed 35072K, reserved 1114112K
  class space    used 4683K, committed 5056K, reserved 1048576K
}
Event: 1.352 GC heap before
{Heap before GC invocations=6 (full 0):
 garbage-first heap   total 88064K, used 31636K [0x0000000080000000, 0x0000000100000000)
  region size 1024K, 13 young (13312K), 6 survivors (6144K)
 Metaspace       used 35214K, committed 35968K, reserved 1114112K
  class space    used 4857K, committed 5248K, reserved 1048576K
}
Event: 1.355 GC heap after
{Heap after GC invocations=7 (full 0):
 garbage-first heap   total 88064K, used 26083K [0x0000000080000000, 0x0000000100000000)
  region size 1024K, 4 young (4096K), 4 survivors (4096K)
 Metaspace       used 35214K, committed 35968K, reserved 1114112K
  class space    used 4857K, committed 5248K, reserved 1048576K
}
Event: 1.549 GC heap before
{Heap before GC invocations=8 (full 0):
 garbage-first heap   total 88064K, used 86499K [0x0000000080000000, 0x0000000100000000)
  region size 1024K, 46 young (47104K), 4 survivors (4096K)
 Metaspace       used 39534K, committed 40448K, reserved 1114112K
  class space    used 5556K, committed 6016K, reserved 1048576K
}
Event: 1.551 GC heap after
{Heap after GC invocations=9 (full 0):
 garbage-first heap   total 100352K, used 52923K [0x0000000080000000, 0x0000000100000000)
  region size 1024K, 7 young (7168K), 7 survivors (7168K)
 Metaspace       used 39534K, committed 40448K, reserved 1114112K
  class space    used 5556K, committed 6016K, reserved 1048576K
}
Event: 1.746 GC heap before
{Heap before GC invocations=9 (full 0):
 garbage-first heap   total 100352K, used 85691K [0x0000000080000000, 0x0000000100000000)
  region size 1024K, 40 young (40960K), 7 survivors (7168K)
 Metaspace       used 46463K, committed 47424K, reserved 1114112K
  class space    used 6390K, committed 6848K, reserved 1048576K
}
Event: 1.749 GC heap after
{Heap after GC invocations=10 (full 0):
 garbage-first heap   total 120832K, used 57546K [0x0000000080000000, 0x0000000100000000)
  region size 1024K, 5 young (5120K), 5 survivors (5120K)
 Metaspace       used 46463K, committed 47424K, reserved 1114112K
  class space    used 6390K, committed 6848K, reserved 1048576K
}
Event: 1.846 GC heap before
{Heap before GC invocations=10 (full 0):
 garbage-first heap   total 120832K, used 90314K [0x0000000080000000, 0x0000000100000000)
  region size 1024K, 37 young (37888K), 5 survivors (5120K)
 Metaspace       used 47823K, committed 48832K, reserved 1114112K
  class space    used 6563K, committed 7040K, reserved 1048576K
}
Event: 1.848 GC heap after
{Heap after GC invocations=11 (full 0):
 garbage-first heap   total 120832K, used 60823K [0x0000000080000000, 0x0000000100000000)
  region size 1024K, 3 young (3072K), 3 survivors (3072K)
 Metaspace       used 47823K, committed 48832K, reserved 1114112K
  class space    used 6563K, committed 7040K, reserved 1048576K
}
Event: 2.073 GC heap before
{Heap before GC invocations=12 (full 0):
 garbage-first heap   total 120832K, used 108951K [0x0000000080000000, 0x0000000100000000)
  region size 1024K, 46 young (47104K), 3 survivors (3072K)
 Metaspace       used 53547K, committed 54976K, reserved 1114112K
  class space    used 7401K, committed 8128K, reserved 1048576K
}
Event: 2.075 GC heap after
{Heap after GC invocations=13 (full 0):
 garbage-first heap   total 120832K, used 62197K [0x0000000080000000, 0x0000000100000000)
  region size 1024K, 6 young (6144K), 6 survivors (6144K)
 Metaspace       used 53547K, committed 54976K, reserved 1114112K
  class space    used 7401K, committed 8128K, reserved 1048576K
}
Event: 2.417 GC heap before
{Heap before GC invocations=13 (full 0):
 garbage-first heap   total 120832K, used 107253K [0x0000000080000000, 0x0000000100000000)
  region size 1024K, 49 young (50176K), 6 survivors (6144K)
 Metaspace       used 58171K, committed 59648K, reserved 1114112K
  class space    used 8184K, committed 8896K, reserved 1048576K
}
Event: 2.419 GC heap after
{Heap after GC invocations=14 (full 0):
 garbage-first heap   total 120832K, used 66626K [0x0000000080000000, 0x0000000100000000)
  region size 1024K, 6 young (6144K), 6 survivors (6144K)
 Metaspace       used 58171K, committed 59648K, reserved 1114112K
  class space    used 8184K, committed 8896K, reserved 1048576K
}
Event: 2.516 GC heap before
{Heap before GC invocations=14 (full 0):
 garbage-first heap   total 120832K, used 107586K [0x0000000080000000, 0x0000000100000000)
  region size 1024K, 47 young (48128K), 6 survivors (6144K)
 Metaspace       used 58588K, committed 60096K, reserved 1114112K
  class space    used 8199K, committed 8896K, reserved 1048576K
}
Event: 2.517 GC heap after
{Heap after GC invocations=15 (full 0):
 garbage-first heap   total 120832K, used 67746K [0x0000000080000000, 0x0000000100000000)
  region size 1024K, 4 young (4096K), 4 survivors (4096K)
 Metaspace       used 58588K, committed 60096K, reserved 1114112K
  class space    used 8199K, committed 8896K, reserved 1048576K
}

